<?xml version="1.0" encoding="UTF-8"?>
<!-- Generated by org.testng.reporters.JUnitXMLReporter -->
<testsuite ignored="0" hostname="Savitri" failures="0" tests="3" name="Default test" time="13.417" errors="0" timestamp="2023-12-22T14:19:59 IST">
  <testcase classname="TestClass.HomePageTest" name="findTecketTest" time="0.807"/>
  <testcase classname="TestClass.HomePageTest" name="homepageTitleTest" time="0.04"/>
  <testcase classname="TestClass.HomePageTest" name="hyperlinkUrlTest" time="1.961"/>
</testsuite> <!-- Default test -->
