<?xml version="1.0" encoding="UTF-8"?>
<!-- Generated by org.testng.reporters.JUnitXMLReporter -->
<testsuite ignored="0" hostname="Savitri" failures="0" tests="3" name="Default test" time="14.657" errors="0" timestamp="22 Dec 2023 02:38:00 GMT">
  <testcase classname="TestClass.HomePageTest" name="findTecketTest" time="1.201"/>
  <testcase classname="TestClass.HomePageTest" name="homepageTitleTest" time="0.087"/>
  <testcase classname="TestClass.HomePageTest" name="hyperlinkUrlTest" time="3.119"/>
</testsuite> <!-- Default test -->
