<?xml version="1.0" encoding="UTF-8"?>
<testng-results ignored="0" total="3" passed="3" failed="0" skipped="0">
  <reporter-output>
  </reporter-output>
  <suite started-at="2023-12-22T14:19:46 IST" name="Default suite" finished-at="2023-12-22T14:19:59 IST" duration-ms="13417">
    <groups>
    </groups>
    <test started-at="2023-12-22T14:19:46 IST" name="Default test" finished-at="2023-12-22T14:19:59 IST" duration-ms="13417">
      <class name="TestClass.HomePageTest">
        <test-method is-config="true" signature="setUp()[pri:0, instance:TestClass.HomePageTest@3c73951]" started-at="2023-12-22T14:19:46 IST" name="setUp" finished-at="2023-12-22T14:19:49 IST" duration-ms="3017" status="PASS">
          <reporter-output>
          </reporter-output>
        </test-method> <!-- setUp -->
        <test-method signature="findTecketTest()[pri:0, instance:TestClass.HomePageTest@3c73951]" started-at="2023-12-22T14:19:49 IST" name="findTecketTest" finished-at="2023-12-22T14:19:49 IST" duration-ms="807" status="PASS">
          <reporter-output>
          </reporter-output>
        </test-method> <!-- findTecketTest -->
        <test-method is-config="true" signature="tearDown()[pri:0, instance:TestClass.HomePageTest@3c73951]" started-at="2023-12-22T14:19:49 IST" name="tearDown" finished-at="2023-12-22T14:19:50 IST" duration-ms="309" status="PASS">
          <reporter-output>
          </reporter-output>
        </test-method> <!-- tearDown -->
        <test-method is-config="true" signature="setUp()[pri:0, instance:TestClass.HomePageTest@3c73951]" started-at="2023-12-22T14:19:50 IST" name="setUp" finished-at="2023-12-22T14:19:54 IST" duration-ms="4092" status="PASS">
          <reporter-output>
          </reporter-output>
        </test-method> <!-- setUp -->
        <test-method signature="homepageTitleTest()[pri:0, instance:TestClass.HomePageTest@3c73951]" started-at="2023-12-22T14:19:54 IST" name="homepageTitleTest" finished-at="2023-12-22T14:19:54 IST" duration-ms="40" status="PASS">
          <reporter-output>
          </reporter-output>
        </test-method> <!-- homepageTitleTest -->
        <test-method is-config="true" signature="tearDown()[pri:0, instance:TestClass.HomePageTest@3c73951]" started-at="2023-12-22T14:19:54 IST" name="tearDown" finished-at="2023-12-22T14:19:54 IST" duration-ms="133" status="PASS">
          <reporter-output>
          </reporter-output>
        </test-method> <!-- tearDown -->
        <test-method is-config="true" signature="setUp()[pri:0, instance:TestClass.HomePageTest@3c73951]" started-at="2023-12-22T14:19:54 IST" name="setUp" finished-at="2023-12-22T14:19:57 IST" duration-ms="2873" status="PASS">
          <reporter-output>
          </reporter-output>
        </test-method> <!-- setUp -->
        <test-method signature="hyperlinkUrlTest()[pri:0, instance:TestClass.HomePageTest@3c73951]" started-at="2023-12-22T14:19:57 IST" name="hyperlinkUrlTest" finished-at="2023-12-22T14:19:59 IST" duration-ms="1961" status="PASS">
          <reporter-output>
          </reporter-output>
        </test-method> <!-- hyperlinkUrlTest -->
        <test-method is-config="true" signature="tearDown()[pri:0, instance:TestClass.HomePageTest@3c73951]" started-at="2023-12-22T14:19:59 IST" name="tearDown" finished-at="2023-12-22T14:19:59 IST" duration-ms="143" status="PASS">
          <reporter-output>
          </reporter-output>
        </test-method> <!-- tearDown -->
      </class> <!-- TestClass.HomePageTest -->
    </test> <!-- Default test -->
  </suite> <!-- Default suite -->
</testng-results>
